<?xml version="1.0" encoding="UTF-8"?>
<testng-results ignored="0" total="2" passed="2" failed="0" skipped="0">
  <reporter-output>
  </reporter-output>
  <suite started-at="2023-06-28T18:01:29Z" name="WebFlow" finished-at="2023-06-28T18:03:54Z" duration-ms="144986">
    <groups>
    </groups>
    <test started-at="2023-06-28T18:01:29Z" name="Web Flow Test" finished-at="2023-06-28T18:03:54Z" duration-ms="144986">
      <class name="com.webflow.TestCases.TC_LoginPage_01">
        <test-method is-config="true" signature="setup(java.lang.String)[pri:0, instance:com.webflow.TestCases.TC_LoginPage_01@3c7f66c4]" started-at="2023-06-28T18:01:31Z" name="setup" finished-at="2023-06-28T18:02:33Z" duration-ms="61662" status="PASS">
          <params>
            <param index="0">
              <value>
                <![CDATA[chrome]]>
              </value>
            </param>
          </params>
          <reporter-output>
          </reporter-output>
        </test-method> <!-- setup -->
        <test-method signature="test_LoginPage()[pri:1, instance:com.webflow.TestCases.TC_LoginPage_01@3c7f66c4]" started-at="2023-06-28T18:02:33Z" name="test_LoginPage" finished-at="2023-06-28T18:03:52Z" duration-ms="79304" status="PASS">
          <reporter-output>
          </reporter-output>
        </test-method> <!-- test_LoginPage -->
        <test-method signature="test_SkippedReporting()[pri:2, instance:com.webflow.TestCases.TC_LoginPage_01@3c7f66c4]" started-at="2023-06-28T18:03:53Z" name="test_SkippedReporting" finished-at="2023-06-28T18:03:53Z" depends-on-methods="com.webflow.TestCases.TC_LoginPage_01.test_LoginPage" duration-ms="2" status="PASS">
          <reporter-output>
          </reporter-output>
        </test-method> <!-- test_SkippedReporting -->
        <test-method is-config="true" signature="teardown()[pri:0, instance:com.webflow.TestCases.TC_LoginPage_01@3c7f66c4]" started-at="2023-06-28T18:03:53Z" name="teardown" finished-at="2023-06-28T18:03:54Z" duration-ms="653" status="PASS">
          <reporter-output>
          </reporter-output>
        </test-method> <!-- teardown -->
      </class> <!-- com.webflow.TestCases.TC_LoginPage_01 -->
    </test> <!-- Web Flow Test -->
  </suite> <!-- WebFlow -->
</testng-results>
